<?xml version="1.0" encoding="utf-8"?><testsuites><testsuite name="pytest" errors="0" failures="0" skipped="0" tests="3" time="0.173" timestamp="2024-10-03T03:48:29.177341+00:00" hostname="fv-az1391-270"><testcase classname="test_cases" name="test_correctly_sorted" time="0.001" /><testcase classname="test_cases" name="test_jumbled_order_or_correct_order" time="0.001" /><testcase classname="test_cases" name="test_single_value" time="0.001" /></testsuite></testsuites>